[0.016s] Invoking command in '/home/easz/r2_ws/build/r6_d9': CMAKE_PREFIX_PATH=${CMAKE_PREFIX_PATH}:/opt/ros/humble /usr/bin/cmake /home/easz/r2_ws/src/r6_d9 -DCMAKE_INSTALL_PREFIX=/home/easz/r2_ws/install/r6_d9
[0.028s] -- Found ament_cmake: 1.3.3 (/opt/ros/humble/share/ament_cmake/cmake)
[0.175s] -- Override CMake install command with custom implementation using symlinks instead of copying resources
[0.184s] -- Found ament_lint_auto: 0.12.5 (/opt/ros/humble/share/ament_lint_auto/cmake)
[0.262s] -- Added test 'flake8' to check Python code syntax and style conventions
[0.263s] -- Added test 'lint_cmake' to check CMake code style
[0.263s] -- Added test 'pep257' to check Python code against some of the docstring style conventions in PEP 257
[0.264s] -- Added test 'xmllint' to check XML markup files
[0.265s] -- Configuring done
[0.269s] -- Generating done
[0.270s] -- Build files have been written to: /home/easz/r2_ws/build/r6_d9
[0.273s] Invoked command in '/home/easz/r2_ws/build/r6_d9' returned '0': CMAKE_PREFIX_PATH=${CMAKE_PREFIX_PATH}:/opt/ros/humble /usr/bin/cmake /home/easz/r2_ws/src/r6_d9 -DCMAKE_INSTALL_PREFIX=/home/easz/r2_ws/install/r6_d9
[0.275s] Invoking command in '/home/easz/r2_ws/build/r6_d9': CMAKE_PREFIX_PATH=${CMAKE_PREFIX_PATH}:/opt/ros/humble /usr/bin/cmake --build /home/easz/r2_ws/build/r6_d9 -- -j4 -l4
[0.305s] Invoked command in '/home/easz/r2_ws/build/r6_d9' returned '0': CMAKE_PREFIX_PATH=${CMAKE_PREFIX_PATH}:/opt/ros/humble /usr/bin/cmake --build /home/easz/r2_ws/build/r6_d9 -- -j4 -l4
[0.329s] Invoking command in '/home/easz/r2_ws/build/r6_d9': CMAKE_PREFIX_PATH=${CMAKE_PREFIX_PATH}:/opt/ros/humble /usr/bin/cmake --install /home/easz/r2_ws/build/r6_d9
[0.337s] -- Install configuration: ""
[0.338s] -- Execute custom install script
[0.338s] -- Symlinking: /home/easz/r2_ws/install/r6_d9/share/r6_d9/launch/rsp.launch.py
[0.345s] -- Up-to-date symlink: /home/easz/r2_ws/install/r6_d9/share/ament_index/resource_index/package_run_dependencies/r6_d9
[0.346s] -- Up-to-date symlink: /home/easz/r2_ws/install/r6_d9/share/ament_index/resource_index/parent_prefix_path/r6_d9
[0.347s] -- Up-to-date symlink: /home/easz/r2_ws/install/r6_d9/share/r6_d9/environment/ament_prefix_path.sh
[0.348s] -- Up-to-date symlink: /home/easz/r2_ws/install/r6_d9/share/r6_d9/environment/ament_prefix_path.dsv
[0.348s] -- Up-to-date symlink: /home/easz/r2_ws/install/r6_d9/share/r6_d9/environment/path.sh
[0.349s] -- Up-to-date symlink: /home/easz/r2_ws/install/r6_d9/share/r6_d9/environment/path.dsv
[0.350s] -- Up-to-date symlink: /home/easz/r2_ws/install/r6_d9/share/r6_d9/local_setup.bash
[0.351s] -- Up-to-date symlink: /home/easz/r2_ws/install/r6_d9/share/r6_d9/local_setup.sh
[0.352s] -- Up-to-date symlink: /home/easz/r2_ws/install/r6_d9/share/r6_d9/local_setup.zsh
[0.353s] -- Up-to-date symlink: /home/easz/r2_ws/install/r6_d9/share/r6_d9/local_setup.dsv
[0.354s] -- Symlinking: /home/easz/r2_ws/install/r6_d9/share/r6_d9/package.dsv
[0.360s] -- Up-to-date symlink: /home/easz/r2_ws/install/r6_d9/share/ament_index/resource_index/packages/r6_d9
[0.361s] -- Up-to-date symlink: /home/easz/r2_ws/install/r6_d9/share/r6_d9/cmake/r6_d9Config.cmake
[0.361s] -- Up-to-date symlink: /home/easz/r2_ws/install/r6_d9/share/r6_d9/cmake/r6_d9Config-version.cmake
[0.361s] -- Up-to-date symlink: /home/easz/r2_ws/install/r6_d9/share/r6_d9/package.xml
[0.363s] Invoked command in '/home/easz/r2_ws/build/r6_d9' returned '0': CMAKE_PREFIX_PATH=${CMAKE_PREFIX_PATH}:/opt/ros/humble /usr/bin/cmake --install /home/easz/r2_ws/build/r6_d9
