[0.015s] Invoking command in '/home/easz/r2_ws/build/r6_d9': CMAKE_PREFIX_PATH=${CMAKE_PREFIX_PATH}:/opt/ros/humble /usr/bin/cmake /home/easz/r2_ws/src/r6_d9 -DAMENT_CMAKE_SYMLINK_INSTALL=1 -DCMAKE_INSTALL_PREFIX=/home/easz/r2_ws/install/r6_d9
[0.033s] -- Found ament_cmake: 1.3.3 (/opt/ros/humble/share/ament_cmake/cmake)
[0.182s] -- Override CMake install command with custom implementation using symlinks instead of copying resources
[0.191s] -- Found ament_lint_auto: 0.12.5 (/opt/ros/humble/share/ament_lint_auto/cmake)
[0.273s] -- Added test 'flake8' to check Python code syntax and style conventions
[0.274s] -- Added test 'lint_cmake' to check CMake code style
[0.274s] -- Added test 'pep257' to check Python code against some of the docstring style conventions in PEP 257
[0.275s] -- Added test 'xmllint' to check XML markup files
[0.276s] -- Configuring done
[0.279s] -- Generating done
[0.281s] -- Build files have been written to: /home/easz/r2_ws/build/r6_d9
[0.284s] Invoked command in '/home/easz/r2_ws/build/r6_d9' returned '0': CMAKE_PREFIX_PATH=${CMAKE_PREFIX_PATH}:/opt/ros/humble /usr/bin/cmake /home/easz/r2_ws/src/r6_d9 -DAMENT_CMAKE_SYMLINK_INSTALL=1 -DCMAKE_INSTALL_PREFIX=/home/easz/r2_ws/install/r6_d9
[0.285s] Invoking command in '/home/easz/r2_ws/build/r6_d9': CMAKE_PREFIX_PATH=${CMAKE_PREFIX_PATH}:/opt/ros/humble /usr/bin/cmake --build /home/easz/r2_ws/build/r6_d9 -- -j4 -l4
[0.316s] Invoked command in '/home/easz/r2_ws/build/r6_d9' returned '0': CMAKE_PREFIX_PATH=${CMAKE_PREFIX_PATH}:/opt/ros/humble /usr/bin/cmake --build /home/easz/r2_ws/build/r6_d9 -- -j4 -l4
[0.348s] Invoking command in '/home/easz/r2_ws/build/r6_d9': CMAKE_PREFIX_PATH=${CMAKE_PREFIX_PATH}:/opt/ros/humble /usr/bin/cmake --install /home/easz/r2_ws/build/r6_d9
[0.353s] -- Install configuration: ""
[0.353s] -- Execute custom install script
[0.354s] -- Up-to-date symlink: /home/easz/r2_ws/install/r6_d9/share/r6_d9/launch/rsp.launch.py
[0.354s] -- Up-to-date symlink: /home/easz/r2_ws/install/r6_d9/share/r6_d9/description/robot.urdf.xacro
[0.354s] -- Up-to-date symlink: /home/easz/r2_ws/install/r6_d9/share/ament_index/resource_index/package_run_dependencies/r6_d9
[0.355s] -- Up-to-date symlink: /home/easz/r2_ws/install/r6_d9/share/ament_index/resource_index/parent_prefix_path/r6_d9
[0.355s] -- Up-to-date symlink: /home/easz/r2_ws/install/r6_d9/share/r6_d9/environment/ament_prefix_path.sh
[0.355s] -- Up-to-date symlink: /home/easz/r2_ws/install/r6_d9/share/r6_d9/environment/ament_prefix_path.dsv
[0.355s] -- Up-to-date symlink: /home/easz/r2_ws/install/r6_d9/share/r6_d9/environment/path.sh
[0.355s] -- Up-to-date symlink: /home/easz/r2_ws/install/r6_d9/share/r6_d9/environment/path.dsv
[0.356s] -- Up-to-date symlink: /home/easz/r2_ws/install/r6_d9/share/r6_d9/local_setup.bash
[0.356s] -- Up-to-date symlink: /home/easz/r2_ws/install/r6_d9/share/r6_d9/local_setup.sh
[0.356s] -- Up-to-date symlink: /home/easz/r2_ws/install/r6_d9/share/r6_d9/local_setup.zsh
[0.356s] -- Up-to-date symlink: /home/easz/r2_ws/install/r6_d9/share/r6_d9/local_setup.dsv
[0.356s] -- Symlinking: /home/easz/r2_ws/install/r6_d9/share/r6_d9/package.dsv
[0.363s] -- Up-to-date symlink: /home/easz/r2_ws/install/r6_d9/share/ament_index/resource_index/packages/r6_d9
[0.363s] -- Up-to-date symlink: /home/easz/r2_ws/install/r6_d9/share/r6_d9/cmake/r6_d9Config.cmake
[0.364s] -- Up-to-date symlink: /home/easz/r2_ws/install/r6_d9/share/r6_d9/cmake/r6_d9Config-version.cmake
[0.364s] -- Up-to-date symlink: /home/easz/r2_ws/install/r6_d9/share/r6_d9/package.xml
[0.378s] Invoked command in '/home/easz/r2_ws/build/r6_d9' returned '0': CMAKE_PREFIX_PATH=${CMAKE_PREFIX_PATH}:/opt/ros/humble /usr/bin/cmake --install /home/easz/r2_ws/build/r6_d9
