[0.012s] Invoking command in '/home/easz/r2_ws/build/r6_d9': CMAKE_PREFIX_PATH=/opt/ros/humble /usr/bin/cmake /home/easz/r2_ws/src/r6_d9 -DAMENT_CMAKE_SYMLINK_INSTALL=1 -DCMAKE_INSTALL_PREFIX=/home/easz/r2_ws/install/r6_d9
[0.066s] -- The C compiler identification is GNU 11.3.0
[0.127s] -- The CXX compiler identification is GNU 11.3.0
[0.135s] -- Detecting C compiler ABI info
[0.196s] -- Detecting C compiler ABI info - done
[0.210s] -- Check for working C compiler: /usr/bin/cc - skipped
[0.211s] -- Detecting C compile features
[0.211s] -- Detecting C compile features - done
[0.215s] -- Detecting CXX compiler ABI info
[0.290s] -- Detecting CXX compiler ABI info - done
[0.304s] -- Check for working CXX compiler: /usr/bin/c++ - skipped
[0.305s] -- Detecting CXX compile features
[0.305s] -- Detecting CXX compile features - done
[0.307s] -- Found ament_cmake: 1.3.3 (/opt/ros/humble/share/ament_cmake/cmake)
[0.479s] -- Found Python3: /usr/bin/python3.10 (found version "3.10.6") found components: Interpreter 
[0.544s] -- Override CMake install command with custom implementation using symlinks instead of copying resources
[0.565s] -- Found ament_lint_auto: 0.12.5 (/opt/ros/humble/share/ament_lint_auto/cmake)
[0.652s] -- Added test 'flake8' to check Python code syntax and style conventions
[0.652s] -- Added test 'lint_cmake' to check CMake code style
[0.653s] -- Added test 'pep257' to check Python code against some of the docstring style conventions in PEP 257
[0.654s] -- Added test 'xmllint' to check XML markup files
[0.655s] -- Configuring done
[0.658s] -- Generating done
[0.659s] -- Build files have been written to: /home/easz/r2_ws/build/r6_d9
[0.663s] Invoked command in '/home/easz/r2_ws/build/r6_d9' returned '0': CMAKE_PREFIX_PATH=/opt/ros/humble /usr/bin/cmake /home/easz/r2_ws/src/r6_d9 -DAMENT_CMAKE_SYMLINK_INSTALL=1 -DCMAKE_INSTALL_PREFIX=/home/easz/r2_ws/install/r6_d9
[0.665s] Invoking command in '/home/easz/r2_ws/build/r6_d9': CMAKE_PREFIX_PATH=/opt/ros/humble /usr/bin/cmake --build /home/easz/r2_ws/build/r6_d9 -- -j4 -l4
[0.694s] Invoked command in '/home/easz/r2_ws/build/r6_d9' returned '0': CMAKE_PREFIX_PATH=/opt/ros/humble /usr/bin/cmake --build /home/easz/r2_ws/build/r6_d9 -- -j4 -l4
[0.718s] Invoking command in '/home/easz/r2_ws/build/r6_d9': CMAKE_PREFIX_PATH=/opt/ros/humble /usr/bin/cmake --install /home/easz/r2_ws/build/r6_d9
[0.724s] -- Install configuration: ""
[0.724s] -- Execute custom install script
[0.725s] -- Symlinking: /home/easz/r2_ws/install/r6_d9/share/ament_index/resource_index/package_run_dependencies/r6_d9
[0.732s] -- Symlinking: /home/easz/r2_ws/install/r6_d9/share/ament_index/resource_index/parent_prefix_path/r6_d9
[0.739s] -- Symlinking: /home/easz/r2_ws/install/r6_d9/share/r6_d9/environment/ament_prefix_path.sh
[0.746s] -- Symlinking: /home/easz/r2_ws/install/r6_d9/share/r6_d9/environment/ament_prefix_path.dsv
[0.753s] -- Symlinking: /home/easz/r2_ws/install/r6_d9/share/r6_d9/environment/path.sh
[0.760s] -- Symlinking: /home/easz/r2_ws/install/r6_d9/share/r6_d9/environment/path.dsv
[0.767s] -- Symlinking: /home/easz/r2_ws/install/r6_d9/share/r6_d9/local_setup.bash
[0.773s] -- Symlinking: /home/easz/r2_ws/install/r6_d9/share/r6_d9/local_setup.sh
[0.780s] -- Symlinking: /home/easz/r2_ws/install/r6_d9/share/r6_d9/local_setup.zsh
[0.786s] -- Symlinking: /home/easz/r2_ws/install/r6_d9/share/r6_d9/local_setup.dsv
[0.793s] -- Symlinking: /home/easz/r2_ws/install/r6_d9/share/r6_d9/package.dsv
[0.800s] -- Symlinking: /home/easz/r2_ws/install/r6_d9/share/ament_index/resource_index/packages/r6_d9
[0.806s] -- Symlinking: /home/easz/r2_ws/install/r6_d9/share/r6_d9/cmake/r6_d9Config.cmake
[0.813s] -- Symlinking: /home/easz/r2_ws/install/r6_d9/share/r6_d9/cmake/r6_d9Config-version.cmake
[0.820s] -- Symlinking: /home/easz/r2_ws/install/r6_d9/share/r6_d9/package.xml
[0.828s] Invoked command in '/home/easz/r2_ws/build/r6_d9' returned '0': CMAKE_PREFIX_PATH=/opt/ros/humble /usr/bin/cmake --install /home/easz/r2_ws/build/r6_d9
