[0.017s] Invoking command in '/home/easz/r2_ws/build/r6_d9': CMAKE_PREFIX_PATH=${CMAKE_PREFIX_PATH}:/opt/ros/humble /usr/bin/cmake --build /home/easz/r2_ws/build/r6_d9 -- -j4 -l4
[0.060s] Invoked command in '/home/easz/r2_ws/build/r6_d9' returned '0': CMAKE_PREFIX_PATH=${CMAKE_PREFIX_PATH}:/opt/ros/humble /usr/bin/cmake --build /home/easz/r2_ws/build/r6_d9 -- -j4 -l4
[0.100s] Invoking command in '/home/easz/r2_ws/build/r6_d9': CMAKE_PREFIX_PATH=${CMAKE_PREFIX_PATH}:/opt/ros/humble /usr/bin/cmake --install /home/easz/r2_ws/build/r6_d9
[0.108s] -- Install configuration: ""
[0.108s] -- Execute custom install script
[0.109s] -- Up-to-date symlink: /home/easz/r2_ws/install/r6_d9/share/r6_d9/launch/rsp.launch.py
[0.109s] -- Up-to-date symlink: /home/easz/r2_ws/install/r6_d9/share/r6_d9/description/robot.urdf.xacro
[0.109s] -- Up-to-date symlink: /home/easz/r2_ws/install/r6_d9/share/r6_d9/description/robot_core.xacro
[0.109s] -- Up-to-date symlink: /home/easz/r2_ws/install/r6_d9/share/ament_index/resource_index/package_run_dependencies/r6_d9
[0.109s] -- Up-to-date symlink: /home/easz/r2_ws/install/r6_d9/share/ament_index/resource_index/parent_prefix_path/r6_d9
[0.110s] -- Up-to-date symlink: /home/easz/r2_ws/install/r6_d9/share/r6_d9/environment/ament_prefix_path.sh
[0.110s] -- Up-to-date symlink: /home/easz/r2_ws/install/r6_d9/share/r6_d9/environment/ament_prefix_path.dsv
[0.110s] -- Up-to-date symlink: /home/easz/r2_ws/install/r6_d9/share/r6_d9/environment/path.sh
[0.110s] -- Up-to-date symlink: /home/easz/r2_ws/install/r6_d9/share/r6_d9/environment/path.dsv
[0.111s] -- Up-to-date symlink: /home/easz/r2_ws/install/r6_d9/share/r6_d9/local_setup.bash
[0.111s] -- Up-to-date symlink: /home/easz/r2_ws/install/r6_d9/share/r6_d9/local_setup.sh
[0.111s] -- Up-to-date symlink: /home/easz/r2_ws/install/r6_d9/share/r6_d9/local_setup.zsh
[0.111s] -- Up-to-date symlink: /home/easz/r2_ws/install/r6_d9/share/r6_d9/local_setup.dsv
[0.111s] -- Symlinking: /home/easz/r2_ws/install/r6_d9/share/r6_d9/package.dsv
[0.120s] -- Up-to-date symlink: /home/easz/r2_ws/install/r6_d9/share/ament_index/resource_index/packages/r6_d9
[0.120s] -- Up-to-date symlink: /home/easz/r2_ws/install/r6_d9/share/r6_d9/cmake/r6_d9Config.cmake
[0.120s] -- Up-to-date symlink: /home/easz/r2_ws/install/r6_d9/share/r6_d9/cmake/r6_d9Config-version.cmake
[0.121s] -- Up-to-date symlink: /home/easz/r2_ws/install/r6_d9/share/r6_d9/package.xml
[0.131s] Invoked command in '/home/easz/r2_ws/build/r6_d9' returned '0': CMAKE_PREFIX_PATH=${CMAKE_PREFIX_PATH}:/opt/ros/humble /usr/bin/cmake --install /home/easz/r2_ws/build/r6_d9
